c:\users\bibek\source\repos\virat v thanos\virat v thanos\x64\debug\vc143.pdb
c:\users\bibek\source\repos\virat v thanos\virat v thanos\x64\debug\vc143.idb
c:\users\bibek\source\repos\virat v thanos\virat v thanos\x64\debug\main.obj
c:\users\bibek\source\repos\virat v thanos\x64\debug\virat v thanos.exe
c:\users\bibek\source\repos\virat v thanos\x64\debug\virat v thanos.pdb
c:\users\bibek\source\repos\virat v thanos\virat v thanos\x64\debug\virat v thanos.ilk
c:\users\bibek\onedrive\desktop\virat v thanos\virat v thanos\x64\debug\main.obj
c:\users\bibek\onedrive\desktop\virat v thanos\virat v thanos\x64\debug\virat v thanos.ilk
c:\users\bibek\onedrive\desktop\virat v thanos\virat v thanos\x64\debug\vc143.idb
c:\users\bibek\onedrive\desktop\virat v thanos\virat v thanos\x64\debug\vc143.pdb
c:\users\bibek\onedrive\desktop\virat v thanos\x64\debug\virat v thanos.pdb
c:\users\bibek\onedrive\desktop\virat v thanos\x64\debug\virat v thanos.exe
c:\users\bibek\onedrive\desktop\virat v thanos\virat v thanos\x64\debug\virat v thanos.tlog\cl.command.1.tlog
c:\users\bibek\onedrive\desktop\virat v thanos\virat v thanos\x64\debug\virat v thanos.tlog\cl.items.tlog
c:\users\bibek\onedrive\desktop\virat v thanos\virat v thanos\x64\debug\virat v thanos.tlog\cl.read.1.tlog
c:\users\bibek\onedrive\desktop\virat v thanos\virat v thanos\x64\debug\virat v thanos.tlog\cl.write.1.tlog
c:\users\bibek\onedrive\desktop\virat v thanos\virat v thanos\x64\debug\virat v thanos.tlog\link.command.1.tlog
c:\users\bibek\onedrive\desktop\virat v thanos\virat v thanos\x64\debug\virat v thanos.tlog\link.read.1.tlog
c:\users\bibek\onedrive\desktop\virat v thanos\virat v thanos\x64\debug\virat v thanos.tlog\link.secondary.1.tlog
c:\users\bibek\onedrive\desktop\virat v thanos\virat v thanos\x64\debug\virat v thanos.tlog\link.write.1.tlog
